#
# A fatal error has been detected by the Java Runtime Environment:
#
#  EXCEPTION_ACCESS_VIOLATION (0xc0000005) at pc=0x77cf5fae, pid=3080, tid=3424
#
# JRE version: 6.0_33-b03
# Java VM: Java HotSpot(TM) Client VM (20.8-b03 mixed mode, sharing windows-x86 )
# Problematic frame:
# C  [ntdll.dll+0x55fae]
#
# If you would like to submit a bug report, please visit:
#   http://java.sun.com/webapps/bugreport/crash.jsp
# The crash happened outside the Java Virtual Machine in native code.
# See problematic frame for where to report the bug.
#

---------------  T H R E A D  ---------------

Current thread (0x03eec800):  JavaThread "LWJGL Application" [_thread_in_native, id=3424, stack(0x044a0000,0x044f0000)]

siginfo: ExceptionCode=0xc0000005, reading address 0x039303cc

Registers:
EAX=0x041efe78, EBX=0x0419f900, ECX=0x00000000, EDX=0x039303cc
ESP=0x044ef9ec, EBP=0x044efa14, ESI=0x041efe70, EDI=0x00340000
EIP=0x77cf5fae, EFLAGS=0x00010246

Top of Stack: (sp=0x044ef9ec)
0x044ef9ec:   00340000 041eac28 00000000 43000241
0x044ef9fc:   03eec800 041fe4b8 062f0600 039303cc
0x044efa0c:   0000077f 00003bf8 044efb0c 77cf6217
0x044efa1c:   000007ff 041efe70 044efadc 00000000
0x044efa2c:   73f64331 00000000 00340000 041eac30
0x044efa3c:   0000003a 00000000 0100deba 00000000
0x044efa4c:   000001d0 00000000 044ef98c 45010044
0x044efa5c:   044efac8 00340000 00343bf8 fffffffe 

Instructions: (pc=0x77cf5fae)
0x77cf5f8e:   85 72 3b 03 00 80 7d 14 00 0f 85 76 3b 03 00 8b
0x77cf5f9e:   56 0c 8d 46 08 8b 08 89 4d f0 8b 49 04 89 55 f4
0x77cf5fae:   8b 12 3b d1 0f 85 27 56 fd ff 3b d0 0f 85 1f 56
0x77cf5fbe:   fd ff 0f b7 06 29 47 78 8b 87 b8 00 00 00 85 c0 


Register to memory mapping:

EAX=0x041efe78 is an unknown value
EBX=0x0419f900 is an unknown value
ECX=0x00000000 is an unknown value
EDX=0x039303cc is an unknown value
ESP=0x044ef9ec is pointing into the stack for thread: 0x03eec800
EBP=0x044efa14 is pointing into the stack for thread: 0x03eec800
ESI=0x041efe70 is an unknown value
EDI=0x00340000 is an unknown value


Stack: [0x044a0000,0x044f0000],  sp=0x044ef9ec,  free space=318k
Native frames: (J=compiled Java code, j=interpreted, Vv=VM code, C=native code)

[error occurred during error reporting (printing native stack), id 0xc0000005]

Java frames: (J=compiled Java code, j=interpreted, Vv=VM code)
j  com.badlogic.gdx.audio.io.Mpg123Decoder.closeFile(J)V+0
j  com.badlogic.gdx.audio.io.Mpg123Decoder.dispose()V+5
j  tests.Test.dispose()V+22
j  com.badlogic.gdx.backends.lwjgl.LwjglApplication.mainLoop()V+555
j  com.badlogic.gdx.backends.lwjgl.LwjglApplication$1.run()V+27
v  ~StubRoutines::call_stub

---------------  P R O C E S S  ---------------

Java Threads: ( => current thread )
  0x03f1a000 JavaThread "Thread-4" daemon [_thread_blocked, id=4984, stack(0x088d0000,0x08920000)]
  0x0405f400 JavaThread "AWT-Windows" daemon [_thread_in_native, id=5848, stack(0x08020000,0x08070000)]
  0x07c90400 JavaThread "Java2D Disposer" daemon [_thread_blocked, id=5064, stack(0x04510000,0x04560000)]
  0x01bd9400 JavaThread "DestroyJavaVM" [_thread_blocked, id=4684, stack(0x00350000,0x003a0000)]
=>0x03eec800 JavaThread "LWJGL Application" [_thread_in_native, id=3424, stack(0x044a0000,0x044f0000)]
  0x01a85000 JavaThread "Low Memory Detector" daemon [_thread_blocked, id=1552, stack(0x03dc0000,0x03e10000)]
  0x01a7ec00 JavaThread "C1 CompilerThread0" daemon [_thread_blocked, id=5984, stack(0x03d70000,0x03dc0000)]
  0x01a7c000 JavaThread "Attach Listener" daemon [_thread_blocked, id=3620, stack(0x03d20000,0x03d70000)]
  0x01a73c00 JavaThread "Signal Dispatcher" daemon [_thread_blocked, id=4336, stack(0x03cd0000,0x03d20000)]
  0x01a6ac00 JavaThread "Finalizer" daemon [_thread_blocked, id=5200, stack(0x03c80000,0x03cd0000)]
  0x01a69800 JavaThread "Reference Handler" daemon [_thread_blocked, id=4868, stack(0x03c30000,0x03c80000)]

Other Threads:
  0x01a2d400 VMThread [stack: 0x03be0000,0x03c30000] [id=3780]
  0x01a8dc00 WatcherThread [stack: 0x03e10000,0x03e60000] [id=1032]

VM state:not at safepoint (normal execution)

VM Mutex/Monitor currently owned by a thread: None

Heap
 def new generation   total 4928K, used 1382K [0x23a80000, 0x23fd0000, 0x28fd0000)
  eden space 4416K,  30% used [0x23a80000, 0x23bd3348, 0x23ed0000)
  from space 512K,   4% used [0x23ed0000, 0x23ed6620, 0x23f50000)
  to   space 512K,   0% used [0x23f50000, 0x23f50000, 0x23fd0000)
 tenured generation   total 10944K, used 1699K [0x28fd0000, 0x29a80000, 0x33a80000)
   the space 10944K,  15% used [0x28fd0000, 0x29178c88, 0x29178e00, 0x29a80000)
 compacting perm gen  total 12288K, used 2215K [0x33a80000, 0x34680000, 0x37a80000)
   the space 12288K,  18% used [0x33a80000, 0x33ca9e70, 0x33caa000, 0x34680000)
    ro space 10240K,  51% used [0x37a80000, 0x37fae720, 0x37fae800, 0x38480000)
    rw space 12288K,  55% used [0x38480000, 0x38b1a880, 0x38b1aa00, 0x39080000)

Code Cache  [0x01be0000, 0x01cd0000, 0x03be0000)
 total_blobs=557 nmethods=301 adapters=192 free_code_cache=32575808 largest_free_block=0

Dynamic libraries:
0x00400000 - 0x00425000 	C:\Program Files\Java\jre6\bin\javaw.exe
0x77ca0000 - 0x77ddc000 	C:\Windows\SYSTEM32\ntdll.dll
0x76510000 - 0x765e4000 	C:\Windows\system32\kernel32.dll
0x76090000 - 0x760da000 	C:\Windows\system32\KERNELBASE.dll
0x77ad0000 - 0x77b70000 	C:\Windows\system32\ADVAPI32.dll
0x761d0000 - 0x7627c000 	C:\Windows\system32\msvcrt.dll
0x769a0000 - 0x769b9000 	C:\Windows\SYSTEM32\sechost.dll
0x77b70000 - 0x77c11000 	C:\Windows\system32\RPCRT4.dll
0x77a00000 - 0x77ac9000 	C:\Windows\system32\USER32.dll
0x762e0000 - 0x7632e000 	C:\Windows\system32\GDI32.dll
0x77de0000 - 0x77dea000 	C:\Windows\system32\LPK.dll
0x76900000 - 0x7699d000 	C:\Windows\system32\USP10.dll
0x76330000 - 0x7634f000 	C:\Windows\system32\IMM32.DLL
0x77e00000 - 0x77ecc000 	C:\Windows\system32\MSCTF.dll
0x7c340000 - 0x7c396000 	C:\Program Files\Java\jre6\bin\msvcr71.dll
0x6d7f0000 - 0x6da9f000 	C:\Program Files\Java\jre6\bin\client\jvm.dll
0x73a00000 - 0x73a32000 	C:\Windows\system32\WINMM.dll
0x75d60000 - 0x75dac000 	C:\Windows\system32\apphelp.dll
0x6d7a0000 - 0x6d7ac000 	C:\Program Files\Java\jre6\bin\verify.dll
0x6d320000 - 0x6d33f000 	C:\Program Files\Java\jre6\bin\java.dll
0x6d7e0000 - 0x6d7ef000 	C:\Program Files\Java\jre6\bin\zip.dll
0x69080000 - 0x690e3000 	C:\Users\Acer\AppData\Local\Temp\libgdxAcer\2683736445\gdx.dll
0x10000000 - 0x1004b000 	C:\Users\Acer\AppData\Local\Temp\libgdxAcer\2683736445\lwjgl.dll
0x74060000 - 0x74128000 	C:\Windows\system32\OPENGL32.dll
0x74030000 - 0x74052000 	C:\Windows\system32\GLU32.dll
0x73d80000 - 0x73e67000 	C:\Windows\system32\DDRAW.dll
0x74200000 - 0x74206000 	C:\Windows\system32\DCIMAN32.dll
0x76640000 - 0x767dd000 	C:\Windows\system32\SETUPAPI.dll
0x76060000 - 0x76087000 	C:\Windows\system32\CFGMGR32.dll
0x76130000 - 0x761bf000 	C:\Windows\system32\OLEAUT32.dll
0x777e0000 - 0x7793c000 	C:\Windows\system32\ole32.dll
0x760e0000 - 0x760f2000 	C:\Windows\system32\DEVOBJ.dll
0x745d0000 - 0x745e3000 	C:\Windows\system32\dwmapi.dll
0x75330000 - 0x75339000 	C:\Windows\system32\VERSION.dll
0x74d10000 - 0x74eae000 	C:\Windows\WinSxS\x86_microsoft.windows.common-controls_6595b64144ccf1df_6.0.7601.17514_none_41e6975e2bd6f2b2\COMCTL32.dll
0x77660000 - 0x776b7000 	C:\Windows\system32\SHLWAPI.dll
0x040c0000 - 0x04127000 	C:\Users\Acer\AppData\Local\Temp\libgdxAcer\2683736445\OpenAL32.dll
0x76a10000 - 0x7765a000 	C:\Windows\system32\SHELL32.dll
0x75db0000 - 0x75dbc000 	C:\Windows\system32\CRYPTBASE.dll
0x749d0000 - 0x74a10000 	C:\Windows\system32\uxtheme.dll
0x77940000 - 0x779c3000 	C:\Windows\system32\CLBCatQ.DLL
0x74a90000 - 0x74b85000 	C:\Windows\System32\PROPSYS.dll
0x76100000 - 0x7612d000 	C:\Windows\system32\WINTRUST.dll
0x75f40000 - 0x7605e000 	C:\Windows\system32\CRYPT32.dll
0x75ea0000 - 0x75eac000 	C:\Windows\system32\MSASN1.dll
0x73d00000 - 0x73d72000 	C:\Windows\system32\dsound.dll
0x74b90000 - 0x74bb5000 	C:\Windows\system32\POWRPROF.dll
0x74970000 - 0x749a9000 	C:\Windows\System32\MMDevApi.dll
0x738e0000 - 0x73916000 	C:\Windows\system32\AUDIOSES.DLL
0x04ad0000 - 0x0588c000 	C:\Windows\system32\ig4icd32.dll
0x60c40000 - 0x60cb9000 	C:\Windows\system32\mscms.dll
0x75490000 - 0x754a7000 	C:\Windows\system32\USERENV.dll
0x75e30000 - 0x75e3b000 	C:\Windows\system32\profapi.dll
0x73ff0000 - 0x74028000 	C:\Windows\system32\icm32.dll
0x6d000000 - 0x6d14c000 	C:\Program Files\Java\jre6\bin\awt.dll
0x718b0000 - 0x71901000 	C:\Windows\system32\WINSPOOL.DRV
0x6d230000 - 0x6d27f000 	C:\Program Files\Java\jre6\bin\fontmanager.dll
0x664c0000 - 0x6653a000 	C:\Users\Acer\AppData\Local\Temp\jnigen\539283388\gdx-audio.dll
0x76630000 - 0x76635000 	C:\Windows\system32\PSAPI.DLL

VM Arguments:
jvm_args: -Dfile.encoding=Cp1252 
java_command: com.cyscorpions.beatmaster.BeatMasterDesktop
Launcher Type: SUN_STANDARD

Environment Variables:
PATH=C:/Program Files/Java/jre7/bin/client;C:/Program Files/Java/jre7/bin;C:/Program Files/Java/jre7/lib/i386;C:\Windows\system32;C:\Windows;C:\Windows\System32\Wbem;C:\Windows\System32\WindowsPowerShell\v1.0;C:\Program Files\TortoiseSVN\bin;C:\Program Files\eclipse\android-sdk-windows\platform-tools;C:\Program Files\TortoiseGit\bin;C:\Program Files\Java\jdk1.6.0_24\bin\;;C:\Program Files\eclipse;
USERNAME=Acer
OS=Windows_NT
PROCESSOR_IDENTIFIER=x86 Family 6 Model 42 Stepping 7, GenuineIntel



---------------  S Y S T E M  ---------------

OS: Windows 7 Build 7601 Service Pack 1

CPU:total 4 (2 cores per cpu, 2 threads per core) family 6 model 42 stepping 7, cmov, cx8, fxsr, mmx, sse, sse2, sse3, ssse3, sse4.1, sse4.2, popcnt, ht

Memory: 4k page, physical 2009060k(832280k free), swap 4018120k(1452348k free)

vm_info: Java HotSpot(TM) Client VM (20.8-b03) for windows-x86 JRE (1.6.0_33-b03), built on May  9 2012 09:39:57 by "java_re" with MS VC++ 7.1 (VS2003)

time: Wed Aug 15 10:19:35 2012
elapsed time: 7 seconds

