#
# A fatal error has been detected by the Java Runtime Environment:
#
#  EXCEPTION_ACCESS_VIOLATION (0xc0000005) at pc=0x776a5fa8, pid=5020, tid=2512
#
# JRE version: 6.0_33-b03
# Java VM: Java HotSpot(TM) Client VM (20.8-b03 mixed mode, sharing windows-x86 )
# Problematic frame:
# C  [ntdll.dll+0x55fa8]
#
# If you would like to submit a bug report, please visit:
#   http://java.sun.com/webapps/bugreport/crash.jsp
# The crash happened outside the Java Virtual Machine in native code.
# See problematic frame for where to report the bug.
#

---------------  T H R E A D  ---------------

Current thread (0x03b3d400):  JavaThread "LWJGL Application" [_thread_in_native, id=2512, stack(0x03fe0000,0x04030000)]

siginfo: ExceptionCode=0xc0000005, reading address 0xfb9b02ba

Registers:
EAX=0x03e3fe78, EBX=0x03def900, ECX=0xfb9b02b6, EDX=0xf797fe2e
ESP=0x0402f7ec, EBP=0x0402f814, ESI=0x03e3fe70, EDI=0x00250000
EIP=0x776a5fa8, EFLAGS=0x00010246

Top of Stack: (sp=0x0402f7ec)
0x0402f7ec:   00250000 03e3ac28 00000000 43000241
0x0402f7fc:   03b3d400 03e4e4b8 fb9b02b6 002500c4
0x0402f80c:   0000077f 00003bf8 0402f90c 776a6217
0x0402f81c:   000007ff 03e3fe70 0402f8dc 00000000
0x0402f82c:   73032f30 00000000 00250000 03e3ac30
0x0402f83c:   0000003a 00000000 0100deba 00000000
0x0402f84c:   000001d0 00000000 0402f78c 45010044
0x0402f85c:   0402f8c8 00250000 00253bf8 fffffffe 

Instructions: (pc=0x776a5fa8)
0x776a5f88:   46 02 38 46 03 0f 85 72 3b 03 00 80 7d 14 00 0f
0x776a5f98:   85 76 3b 03 00 8b 56 0c 8d 46 08 8b 08 89 4d f0
0x776a5fa8:   8b 49 04 89 55 f4 8b 12 3b d1 0f 85 27 56 fd ff
0x776a5fb8:   3b d0 0f 85 1f 56 fd ff 0f b7 06 29 47 78 8b 87 


Register to memory mapping:

EAX=0x03e3fe78 is an unknown value
EBX=0x03def900 is an unknown value
ECX=0xfb9b02b6 is an unknown value
EDX=0xf797fe2e is an unknown value
ESP=0x0402f7ec is pointing into the stack for thread: 0x03b3d400
EBP=0x0402f814 is pointing into the stack for thread: 0x03b3d400
ESI=0x03e3fe70 is an unknown value
EDI=0x00250000 is an unknown value


Stack: [0x03fe0000,0x04030000],  sp=0x0402f7ec,  free space=317k
Native frames: (J=compiled Java code, j=interpreted, Vv=VM code, C=native code)

[error occurred during error reporting (printing native stack), id 0xc0000005]

Java frames: (J=compiled Java code, j=interpreted, Vv=VM code)
j  com.badlogic.gdx.audio.io.Mpg123Decoder.closeFile(J)V+0
j  com.badlogic.gdx.audio.io.Mpg123Decoder.dispose()V+5
j  tests.Test.dispose()V+22
j  com.badlogic.gdx.backends.lwjgl.LwjglApplication.mainLoop()V+555
j  com.badlogic.gdx.backends.lwjgl.LwjglApplication$1.run()V+27
v  ~StubRoutines::call_stub

---------------  P R O C E S S  ---------------

Java Threads: ( => current thread )
  0x075ca400 JavaThread "Thread-4" daemon [_thread_blocked, id=3008, stack(0x08430000,0x08480000)]
  0x0744b800 JavaThread "AWT-Windows" daemon [_thread_in_native, id=1736, stack(0x07b90000,0x07be0000)]
  0x07467400 JavaThread "Java2D Disposer" daemon [_thread_blocked, id=4044, stack(0x07af0000,0x07b40000)]
  0x017b9400 JavaThread "DestroyJavaVM" [_thread_blocked, id=5252, stack(0x00340000,0x00390000)]
=>0x03b3d400 JavaThread "LWJGL Application" [_thread_in_native, id=2512, stack(0x03fe0000,0x04030000)]
  0x01682000 JavaThread "Low Memory Detector" daemon [_thread_blocked, id=4732, stack(0x03a00000,0x03a50000)]
  0x01670400 JavaThread "C1 CompilerThread0" daemon [_thread_blocked, id=3284, stack(0x039b0000,0x03a00000)]
  0x01664800 JavaThread "Attach Listener" daemon [_thread_blocked, id=2204, stack(0x03960000,0x039b0000)]
  0x01663c00 JavaThread "Signal Dispatcher" daemon [_thread_blocked, id=4372, stack(0x03910000,0x03960000)]
  0x0165b000 JavaThread "Finalizer" daemon [_thread_blocked, id=5400, stack(0x038c0000,0x03910000)]
  0x01659800 JavaThread "Reference Handler" daemon [_thread_blocked, id=4268, stack(0x03870000,0x038c0000)]

Other Threads:
  0x0161d400 VMThread [stack: 0x03820000,0x03870000] [id=5528]
  0x01693000 WatcherThread [stack: 0x03a50000,0x03aa0000] [id=6056]

VM state:not at safepoint (normal execution)

VM Mutex/Monitor currently owned by a thread: None

Heap
 def new generation   total 4928K, used 1341K [0x23a80000, 0x23fd0000, 0x28fd0000)
  eden space 4416K,  27% used [0x23a80000, 0x23bb0e90, 0x23ed0000)
  from space 512K,  23% used [0x23f50000, 0x23f6e920, 0x23fd0000)
  to   space 512K,   0% used [0x23ed0000, 0x23ed0000, 0x23f50000)
 tenured generation   total 10944K, used 1681K [0x28fd0000, 0x29a80000, 0x33a80000)
   the space 10944K,  15% used [0x28fd0000, 0x291745c8, 0x29174600, 0x29a80000)
 compacting perm gen  total 12288K, used 2309K [0x33a80000, 0x34680000, 0x37a80000)
   the space 12288K,  18% used [0x33a80000, 0x33cc1798, 0x33cc1800, 0x34680000)
    ro space 10240K,  51% used [0x37a80000, 0x37fae720, 0x37fae800, 0x38480000)
    rw space 12288K,  55% used [0x38480000, 0x38b1a880, 0x38b1aa00, 0x39080000)

Code Cache  [0x017c0000, 0x018c8000, 0x037c0000)
 total_blobs=593 nmethods=337 adapters=192 free_code_cache=32500800 largest_free_block=0

Dynamic libraries:
0x00400000 - 0x00425000 	C:\Program Files\Java\jre6\bin\javaw.exe
0x77650000 - 0x7778c000 	C:\Windows\SYSTEM32\ntdll.dll
0x77310000 - 0x773e4000 	C:\Windows\system32\kernel32.dll
0x75940000 - 0x7598a000 	C:\Windows\system32\KERNELBASE.dll
0x75d30000 - 0x75dd0000 	C:\Windows\system32\ADVAPI32.dll
0x773f0000 - 0x7749c000 	C:\Windows\system32\msvcrt.dll
0x772d0000 - 0x772e9000 	C:\Windows\SYSTEM32\sechost.dll
0x77220000 - 0x772c1000 	C:\Windows\system32\RPCRT4.dll
0x75c50000 - 0x75d19000 	C:\Windows\system32\USER32.dll
0x777f0000 - 0x7783e000 	C:\Windows\system32\GDI32.dll
0x75c40000 - 0x75c4a000 	C:\Windows\system32\LPK.dll
0x770b0000 - 0x7714d000 	C:\Windows\system32\USP10.dll
0x772f0000 - 0x7730f000 	C:\Windows\system32\IMM32.DLL
0x77150000 - 0x7721c000 	C:\Windows\system32\MSCTF.dll
0x7c340000 - 0x7c396000 	C:\Program Files\Java\jre6\bin\msvcr71.dll
0x6d7f0000 - 0x6da9f000 	C:\Program Files\Java\jre6\bin\client\jvm.dll
0x711f0000 - 0x71222000 	C:\Windows\system32\WINMM.dll
0x75710000 - 0x7575c000 	C:\Windows\system32\apphelp.dll
0x6d7a0000 - 0x6d7ac000 	C:\Program Files\Java\jre6\bin\verify.dll
0x6d320000 - 0x6d33f000 	C:\Program Files\Java\jre6\bin\java.dll
0x6d7e0000 - 0x6d7ef000 	C:\Program Files\Java\jre6\bin\zip.dll
0x69080000 - 0x690e3000 	C:\Users\Acer\AppData\Local\Temp\libgdxAcer\2683736445\gdx.dll
0x10000000 - 0x1004b000 	C:\Users\Acer\AppData\Local\Temp\libgdxAcer\2683736445\lwjgl.dll
0x663d0000 - 0x66498000 	C:\Windows\system32\OPENGL32.dll
0x65110000 - 0x65132000 	C:\Windows\system32\GLU32.dll
0x63fc0000 - 0x640a7000 	C:\Windows\system32\DDRAW.dll
0x74740000 - 0x74746000 	C:\Windows\system32\DCIMAN32.dll
0x76d50000 - 0x76eed000 	C:\Windows\system32\SETUPAPI.dll
0x75910000 - 0x75937000 	C:\Windows\system32\CFGMGR32.dll
0x76a60000 - 0x76aef000 	C:\Windows\system32\OLEAUT32.dll
0x75ae0000 - 0x75c3c000 	C:\Windows\system32\ole32.dll
0x758f0000 - 0x75902000 	C:\Windows\system32\DEVOBJ.dll
0x742b0000 - 0x742c3000 	C:\Windows\system32\dwmapi.dll
0x74bd0000 - 0x74bd9000 	C:\Windows\system32\VERSION.dll
0x74760000 - 0x748fe000 	C:\Windows\WinSxS\x86_microsoft.windows.common-controls_6595b64144ccf1df_6.0.7601.17514_none_41e6975e2bd6f2b2\COMCTL32.dll
0x76bd0000 - 0x76c27000 	C:\Windows\system32\SHLWAPI.dll
0x03ca0000 - 0x03d07000 	C:\Users\Acer\AppData\Local\Temp\libgdxAcer\2683736445\OpenAL32.dll
0x75dd0000 - 0x76a1a000 	C:\Windows\system32\SHELL32.dll
0x75760000 - 0x7576c000 	C:\Windows\system32\CRYPTBASE.dll
0x745e0000 - 0x74620000 	C:\Windows\system32\uxtheme.dll
0x774a0000 - 0x77523000 	C:\Windows\system32\CLBCatQ.DLL
0x74620000 - 0x74715000 	C:\Windows\System32\PROPSYS.dll
0x75ab0000 - 0x75add000 	C:\Windows\system32\WINTRUST.dll
0x75990000 - 0x75aae000 	C:\Windows\system32\CRYPT32.dll
0x75850000 - 0x7585c000 	C:\Windows\system32\MSASN1.dll
0x648c0000 - 0x64932000 	C:\Windows\system32\dsound.dll
0x73ce0000 - 0x73d05000 	C:\Windows\system32\POWRPROF.dll
0x742d0000 - 0x74309000 	C:\Windows\System32\MMDevApi.dll
0x6e330000 - 0x6e366000 	C:\Windows\system32\AUDIOSES.DLL
0x04690000 - 0x0544c000 	C:\Windows\system32\ig4icd32.dll
0x66340000 - 0x663b9000 	C:\Windows\system32\mscms.dll
0x74e40000 - 0x74e57000 	C:\Windows\system32\USERENV.dll
0x757e0000 - 0x757eb000 	C:\Windows\system32\profapi.dll
0x71960000 - 0x71998000 	C:\Windows\system32\icm32.dll
0x6d000000 - 0x6d14c000 	C:\Program Files\Java\jre6\bin\awt.dll
0x72420000 - 0x72471000 	C:\Windows\system32\WINSPOOL.DRV
0x6d230000 - 0x6d27f000 	C:\Program Files\Java\jre6\bin\fontmanager.dll
0x664c0000 - 0x6653a000 	C:\Users\Acer\AppData\Local\Temp\jnigen\539283388\gdx-audio.dll
0x75d20000 - 0x75d25000 	C:\Windows\system32\PSAPI.DLL

VM Arguments:
jvm_args: -Dfile.encoding=Cp1252 
java_command: com.cyscorpions.beatmaster.BeatMasterDesktop
Launcher Type: SUN_STANDARD

Environment Variables:
PATH=C:/Program Files/Java/jre7/bin/client;C:/Program Files/Java/jre7/bin;C:/Program Files/Java/jre7/lib/i386;C:\Windows\system32;C:\Windows;C:\Windows\System32\Wbem;C:\Windows\System32\WindowsPowerShell\v1.0;C:\Program Files\TortoiseSVN\bin;C:\Program Files\eclipse\android-sdk-windows\platform-tools;C:\Program Files\TortoiseGit\bin;C:\Program Files\Java\jdk1.6.0_24\bin\;;C:\Program Files\eclipse;
USERNAME=Acer
OS=Windows_NT
PROCESSOR_IDENTIFIER=x86 Family 6 Model 42 Stepping 7, GenuineIntel



---------------  S Y S T E M  ---------------

OS: Windows 7 Build 7601 Service Pack 1

CPU:total 4 (2 cores per cpu, 2 threads per core) family 6 model 42 stepping 7, cmov, cx8, fxsr, mmx, sse, sse2, sse3, ssse3, sse4.1, sse4.2, popcnt, ht

Memory: 4k page, physical 2009060k(402144k free), swap 4018120k(979996k free)

vm_info: Java HotSpot(TM) Client VM (20.8-b03) for windows-x86 JRE (1.6.0_33-b03), built on May  9 2012 09:39:57 by "java_re" with MS VC++ 7.1 (VS2003)

time: Thu Aug 16 10:29:13 2012
elapsed time: 9 seconds

