#
# A fatal error has been detected by the Java Runtime Environment:
#
#  EXCEPTION_ACCESS_VIOLATION (0xc0000005) at pc=0x777663f8, pid=6076, tid=5752
#
# JRE version: 6.0_33-b03
# Java VM: Java HotSpot(TM) Client VM (20.8-b03 mixed mode, sharing windows-x86 )
# Problematic frame:
# C  [ntdll.dll+0x563f8]
#
# If you would like to submit a bug report, please visit:
#   http://java.sun.com/webapps/bugreport/crash.jsp
# The crash happened outside the Java Virtual Machine in native code.
# See problematic frame for where to report the bug.
#

---------------  T H R E A D  ---------------

Current thread (0x03ef1c00):  JavaThread "LWJGL Application" [_thread_in_native, id=5752, stack(0x04280000,0x042d0000)]

siginfo: ExceptionCode=0xc0000005, reading address 0xf36cf38c

Registers:
EAX=0x04162568, EBX=0x00000000, ECX=0xf36cf38c, EDX=0x04176278
ESP=0x042cf82c, EBP=0x042cf90c, ESI=0x04176270, EDI=0x00610000
EIP=0x777663f8, EFLAGS=0x00010283

Top of Stack: (sp=0x042cf82c)
0x042cf82c:   73879025 00000000 00610000 04176278
0x042cf83c:   04167770 00000000 0100deba 00000000
0x042cf84c:   00610178 00000000 04162568 00613bf8
0x042cf85c:   042cf8c8 00610000 00613bf8 fffffffe
0x042cf86c:   00000033 00613bf8 02000002 00000000
0x042cf87c:   43000241 00000476 042cf7bc 0061feb8
0x042cf88c:   00000003 7772e115 00000221 000001c1
0x042cf89c:   75bd98da 91009001 000003f6 041152e0 

Instructions: (pc=0x777663f8)
0x777663d8:   8d 70 ff ff ff 0f b7 c9 8b 75 08 0f b7 c9 39 4d
0x777663e8:   e0 0f 87 87 3d 03 00 8d 56 08 89 55 c4 8b 48 04
0x777663f8:   8b 19 3b d8 0f 85 7b 3d 03 00 89 02 89 4a 04 89
0x77766408:   11 89 50 04 0f b7 06 01 47 78 8b 87 b8 00 00 00 


Register to memory mapping:

EAX=0x04162568 is an unknown value
EBX=0x00000000 is an unknown value
ECX=0xf36cf38c is an unknown value
EDX=0x04176278 is an unknown value
ESP=0x042cf82c is pointing into the stack for thread: 0x03ef1c00
EBP=0x042cf90c is pointing into the stack for thread: 0x03ef1c00
ESI=0x04176270 is an unknown value
EDI=0x00610000 is an unknown value


Stack: [0x04280000,0x042d0000],  sp=0x042cf82c,  free space=318k
Native frames: (J=compiled Java code, j=interpreted, Vv=VM code, C=native code)
C  [ntdll.dll+0x563f8]  wcsnicmp+0xb6c
C  [ntdll.dll+0x56536]  wcsnicmp+0xcaa
C  [msvcrt.dll+0x98cd]  free+0x39
C  [gdx-audio.dll+0x6167]  Java_com_badlogic_gdx_audio_transform_SoundTouch_receiveSamplesJni+0x3fa7
C  [gdx-audio.dll+0x102ff]  Java_com_badlogic_gdx_audio_transform_SoundTouch_receiveSamplesJni+0xe13f
C  [gdx-audio.dll+0x1898]  Java_com_badlogic_gdx_audio_io_Mpg123Decoder_skipSamples+0xc8
C  [gdx-audio.dll+0x18cc]  Java_com_badlogic_gdx_audio_io_Mpg123Decoder_closeFile+0x1c
j  com.badlogic.gdx.audio.io.Mpg123Decoder.closeFile(J)V+0
j  com.badlogic.gdx.audio.io.Mpg123Decoder.dispose()V+5
j  tests.Test.dispose()V+22
j  com.badlogic.gdx.backends.lwjgl.LwjglApplication.mainLoop()V+555
j  com.badlogic.gdx.backends.lwjgl.LwjglApplication$1.run()V+27
v  ~StubRoutines::call_stub
V  [jvm.dll+0xfadcb]
V  [jvm.dll+0x18c3e1]
V  [jvm.dll+0xfaf71]
V  [jvm.dll+0xfafcb]
V  [jvm.dll+0xb5569]
V  [jvm.dll+0x1190a4]
V  [jvm.dll+0x14108c]
C  [msvcr71.dll+0x9565]  endthreadex+0xa0
C  [kernel32.dll+0x4ed6c]  BaseThreadInitThunk+0x12
C  [ntdll.dll+0x6377b]  RtlInitializeExceptionChain+0xef
C  [ntdll.dll+0x6374e]  RtlInitializeExceptionChain+0xc2

Java frames: (J=compiled Java code, j=interpreted, Vv=VM code)
j  com.badlogic.gdx.audio.io.Mpg123Decoder.closeFile(J)V+0
j  com.badlogic.gdx.audio.io.Mpg123Decoder.dispose()V+5
j  tests.Test.dispose()V+22
j  com.badlogic.gdx.backends.lwjgl.LwjglApplication.mainLoop()V+555
j  com.badlogic.gdx.backends.lwjgl.LwjglApplication$1.run()V+27
v  ~StubRoutines::call_stub

---------------  P R O C E S S  ---------------

Java Threads: ( => current thread )
  0x03f31400 JavaThread "Thread-4" daemon [_thread_blocked, id=4480, stack(0x08040000,0x08090000)]
  0x0404f400 JavaThread "AWT-Windows" daemon [_thread_in_native, id=5848, stack(0x07f70000,0x07fc0000)]
  0x03f1f000 JavaThread "Java2D Disposer" daemon [_thread_blocked, id=1256, stack(0x04520000,0x04570000)]
  0x01c19400 JavaThread "DestroyJavaVM" [_thread_blocked, id=5472, stack(0x00360000,0x003b0000)]
=>0x03ef1c00 JavaThread "LWJGL Application" [_thread_in_native, id=5752, stack(0x04280000,0x042d0000)]
  0x01b01800 JavaThread "Low Memory Detector" daemon [_thread_blocked, id=4308, stack(0x03db0000,0x03e00000)]
  0x01aefc00 JavaThread "C1 CompilerThread0" daemon [_thread_blocked, id=5320, stack(0x03d60000,0x03db0000)]
  0x01aed800 JavaThread "Attach Listener" daemon [_thread_blocked, id=3596, stack(0x03d10000,0x03d60000)]
  0x01aed000 JavaThread "Signal Dispatcher" daemon [_thread_blocked, id=5192, stack(0x03cc0000,0x03d10000)]
  0x01adac00 JavaThread "Finalizer" daemon [_thread_blocked, id=4728, stack(0x03c70000,0x03cc0000)]
  0x01ad9800 JavaThread "Reference Handler" daemon [_thread_blocked, id=4032, stack(0x03c20000,0x03c70000)]

Other Threads:
  0x01a9d400 VMThread [stack: 0x005c0000,0x00610000] [id=5884]
  0x01b0a800 WatcherThread [stack: 0x03e00000,0x03e50000] [id=5232]

VM state:not at safepoint (normal execution)

VM Mutex/Monitor currently owned by a thread: None

Heap
 def new generation   total 4928K, used 4051K [0x23a80000, 0x23fd0000, 0x28fd0000)
  eden space 4416K,  91% used [0x23a80000, 0x23e74b80, 0x23ed0000)
  from space 512K,   0% used [0x23f50000, 0x23f500c8, 0x23fd0000)
  to   space 512K,   0% used [0x23ed0000, 0x23ed0000, 0x23f50000)
 tenured generation   total 10944K, used 552K [0x28fd0000, 0x29a80000, 0x33a80000)
   the space 10944K,   5% used [0x28fd0000, 0x2905a0a0, 0x2905a200, 0x29a80000)
 compacting perm gen  total 12288K, used 2093K [0x33a80000, 0x34680000, 0x37a80000)
   the space 12288K,  17% used [0x33a80000, 0x33c8b788, 0x33c8b800, 0x34680000)
    ro space 10240K,  51% used [0x37a80000, 0x37fae720, 0x37fae800, 0x38480000)
    rw space 12288K,  55% used [0x38480000, 0x38b1a880, 0x38b1aa00, 0x39080000)

Code Cache  [0x01c20000, 0x01d10000, 0x03c20000)
 total_blobs=545 nmethods=299 adapters=182 free_code_cache=32577600 largest_free_block=0

Dynamic libraries:
0x00400000 - 0x00425000 	C:\Program Files\Java\jre6\bin\javaw.exe
0x77710000 - 0x7784c000 	C:\Windows\SYSTEM32\ntdll.dll
0x76390000 - 0x76464000 	C:\Windows\system32\kernel32.dll
0x75a60000 - 0x75aaa000 	C:\Windows\system32\KERNELBASE.dll
0x75d80000 - 0x75e20000 	C:\Windows\system32\ADVAPI32.dll
0x75bd0000 - 0x75c7c000 	C:\Windows\system32\msvcrt.dll
0x76840000 - 0x76859000 	C:\Windows\SYSTEM32\sechost.dll
0x76a10000 - 0x76ab1000 	C:\Windows\system32\RPCRT4.dll
0x76870000 - 0x76939000 	C:\Windows\system32\USER32.dll
0x75ca0000 - 0x75cee000 	C:\Windows\system32\GDI32.dll
0x76610000 - 0x7661a000 	C:\Windows\system32\LPK.dll
0x77850000 - 0x778ed000 	C:\Windows\system32\USP10.dll
0x75c80000 - 0x75c9f000 	C:\Windows\system32\IMM32.DLL
0x76070000 - 0x7613c000 	C:\Windows\system32\MSCTF.dll
0x7c340000 - 0x7c396000 	C:\Program Files\Java\jre6\bin\msvcr71.dll
0x6d7f0000 - 0x6da9f000 	C:\Program Files\Java\jre6\bin\client\jvm.dll
0x73c90000 - 0x73cc2000 	C:\Windows\system32\WINMM.dll
0x757d0000 - 0x7581c000 	C:\Windows\system32\apphelp.dll
0x6d7a0000 - 0x6d7ac000 	C:\Program Files\Java\jre6\bin\verify.dll
0x6d320000 - 0x6d33f000 	C:\Program Files\Java\jre6\bin\java.dll
0x6d7e0000 - 0x6d7ef000 	C:\Program Files\Java\jre6\bin\zip.dll
0x69080000 - 0x690e3000 	C:\Users\Acer\AppData\Local\Temp\libgdxAcer\2683736445\gdx.dll
0x10000000 - 0x1004b000 	C:\Users\Acer\AppData\Local\Temp\libgdxAcer\2683736445\lwjgl.dll
0x62a80000 - 0x62b48000 	C:\Windows\system32\OPENGL32.dll
0x64660000 - 0x64682000 	C:\Windows\system32\GLU32.dll
0x62780000 - 0x62867000 	C:\Windows\system32\DDRAW.dll
0x70530000 - 0x70536000 	C:\Windows\system32\DCIMAN32.dll
0x76470000 - 0x7660d000 	C:\Windows\system32\SETUPAPI.dll
0x75b40000 - 0x75b67000 	C:\Windows\system32\CFGMGR32.dll
0x75cf0000 - 0x75d7f000 	C:\Windows\system32\OLEAUT32.dll
0x75e20000 - 0x75f7c000 	C:\Windows\system32\ole32.dll
0x75a40000 - 0x75a52000 	C:\Windows\system32\DEVOBJ.dll
0x74490000 - 0x744a3000 	C:\Windows\system32\dwmapi.dll
0x74da0000 - 0x74da9000 	C:\Windows\system32\VERSION.dll
0x74940000 - 0x74ade000 	C:\Windows\WinSxS\x86_microsoft.windows.common-controls_6595b64144ccf1df_6.0.7601.17514_none_41e6975e2bd6f2b2\COMCTL32.dll
0x76620000 - 0x76677000 	C:\Windows\system32\SHLWAPI.dll
0x04050000 - 0x040b7000 	C:\Users\Acer\AppData\Local\Temp\libgdxAcer\2683736445\OpenAL32.dll
0x76ac0000 - 0x7770a000 	C:\Windows\system32\SHELL32.dll
0x75820000 - 0x7582c000 	C:\Windows\system32\CRYPTBASE.dll
0x747c0000 - 0x74800000 	C:\Windows\system32\uxtheme.dll
0x75fe0000 - 0x76063000 	C:\Windows\system32\CLBCatQ.DLL
0x74800000 - 0x748f5000 	C:\Windows\System32\PROPSYS.dll
0x75b70000 - 0x75b9d000 	C:\Windows\system32\WINTRUST.dll
0x75920000 - 0x75a3e000 	C:\Windows\system32\CRYPT32.dll
0x75910000 - 0x7591c000 	C:\Windows\system32\MSASN1.dll
0x64040000 - 0x640b2000 	C:\Windows\system32\dsound.dll
0x73d40000 - 0x73d65000 	C:\Windows\system32\POWRPROF.dll
0x744b0000 - 0x744e9000 	C:\Windows\System32\MMDevApi.dll
0x715d0000 - 0x71606000 	C:\Windows\system32\AUDIOSES.DLL
0x04ba0000 - 0x0595c000 	C:\Windows\system32\ig4icd32.dll
0x714a0000 - 0x71519000 	C:\Windows\system32\mscms.dll
0x74f00000 - 0x74f17000 	C:\Windows\system32\USERENV.dll
0x758a0000 - 0x758ab000 	C:\Windows\system32\profapi.dll
0x644a0000 - 0x644d8000 	C:\Windows\system32\icm32.dll
0x6d000000 - 0x6d14c000 	C:\Program Files\Java\jre6\bin\awt.dll
0x71660000 - 0x716b1000 	C:\Windows\system32\WINSPOOL.DRV
0x6d230000 - 0x6d27f000 	C:\Program Files\Java\jre6\bin\fontmanager.dll
0x664c0000 - 0x6653a000 	C:\Users\Acer\AppData\Local\Temp\jnigen\539283388\gdx-audio.dll
0x76860000 - 0x76865000 	C:\Windows\system32\PSAPI.DLL

VM Arguments:
jvm_args: -Dfile.encoding=Cp1252 
java_command: com.cyscorpions.beatmaster.BeatMasterDesktop
Launcher Type: SUN_STANDARD

Environment Variables:
PATH=C:/Program Files/Java/jre7/bin/client;C:/Program Files/Java/jre7/bin;C:/Program Files/Java/jre7/lib/i386;C:\Windows\system32;C:\Windows;C:\Windows\System32\Wbem;C:\Windows\System32\WindowsPowerShell\v1.0;C:\Program Files\TortoiseSVN\bin;C:\Program Files\eclipse\android-sdk-windows\platform-tools;C:\Program Files\TortoiseGit\bin;C:\Program Files\Java\jdk1.6.0_24\bin\;;C:\Program Files\eclipse;
USERNAME=Acer
OS=Windows_NT
PROCESSOR_IDENTIFIER=x86 Family 6 Model 42 Stepping 7, GenuineIntel



---------------  S Y S T E M  ---------------

OS: Windows 7 Build 7601 Service Pack 1

CPU:total 4 (2 cores per cpu, 2 threads per core) family 6 model 42 stepping 7, cmov, cx8, fxsr, mmx, sse, sse2, sse3, ssse3, sse4.1, sse4.2, popcnt, ht

Memory: 4k page, physical 2009060k(735252k free), swap 4018120k(1123684k free)

vm_info: Java HotSpot(TM) Client VM (20.8-b03) for windows-x86 JRE (1.6.0_33-b03), built on May  9 2012 09:39:57 by "java_re" with MS VC++ 7.1 (VS2003)

time: Fri Aug 10 12:55:15 2012
elapsed time: 7 seconds

