#
# A fatal error has been detected by the Java Runtime Environment:
#
#  EXCEPTION_ACCESS_VIOLATION (0xc0000005) at pc=0x68a97344, pid=2388, tid=2180
#
# JRE version: 6.0_33-b03
# Java VM: Java HotSpot(TM) Client VM (20.8-b03 mixed mode, sharing windows-x86 )
# Problematic frame:
# C  [gdx-audio.dll+0x17344]
#
# If you would like to submit a bug report, please visit:
#   http://java.sun.com/webapps/bugreport/crash.jsp
# The crash happened outside the Java Virtual Machine in native code.
# See problematic frame for where to report the bug.
#

---------------  T H R E A D  ---------------

Current thread (0x07af2800):  JavaThread "Thread-3" daemon [_thread_in_native, id=2180, stack(0x07fc0000,0x08010000)]

siginfo: ExceptionCode=0xc0000005, writing address 0x041202c8

Registers:
EAX=0xfffffa3f, EBX=0x04120284, ECX=0x0417f140, EDX=0x04180f38
ESP=0x0800f740, EBP=0x0800f768, ESI=0x04120260, EDI=0x00000000
EIP=0x68a97344, EFLAGS=0x00010203

Top of Stack: (sp=0x0800f740)
0x0800f740:   0417f740 000000d0 04180868 04120260
0x0800f750:   0417eec0 000000d0 04180868 041144e0
0x0800f760:   0416ba80 00000002 0800f788 68a91ed7
0x0800f770:   0416b880 00000000 041144e0 00000000
0x0800f780:   0416b880 0416ba80 0800fb58 68a8e50c
0x0800f790:   0416b880 0416ca80 041144e0 00000002
0x0800f7a0:   04111acc 04111ace 0411ea10 04111bce
0x0800f7b0:   000000c2 0800fb1c 762f2940 00000000 

Instructions: (pc=0x68a97344)
0x68a97324:   b0 b2 00 00 8d 65 f4 89 f8 5b 5e 5f 5d c3 f2 0f
0x68a97334:   2c c1 66 89 43 fc e9 98 fc ff ff 90 f2 0f 2c c1
0x68a97344:   66 89 43 44 e9 7a fe ff ff 8b 55 ec 8b 41 04 c1
0x68a97354:   e2 03 89 45 e8 56 57 8d 44 10 08 8b 5d ec 50 43 


Register to memory mapping:

EAX=0xfffffa3f is an unknown value
EBX=0x04120284 is an unknown value
ECX=0x0417f140 is an unknown value
EDX=0x04180f38 is an unknown value
ESP=0x0800f740 is pointing into the stack for thread: 0x07af2800
EBP=0x0800f768 is pointing into the stack for thread: 0x07af2800
ESI=0x04120260 is an unknown value
EDI=0x00000000 is an unknown value


Stack: [0x07fc0000,0x08010000],  sp=0x0800f740,  free space=317k
Native frames: (J=compiled Java code, j=interpreted, Vv=VM code, C=native code)
C  [gdx-audio.dll+0x17344]  Java_com_badlogic_gdx_audio_transform_SoundTouch_receiveSamplesJni+0x15184
C  [gdx-audio.dll+0x11ed7]  Java_com_badlogic_gdx_audio_transform_SoundTouch_receiveSamplesJni+0xfd17
C  [gdx-audio.dll+0xe50c]  Java_com_badlogic_gdx_audio_transform_SoundTouch_receiveSamplesJni+0xc34c
C  [gdx-audio.dll+0x106fb]  Java_com_badlogic_gdx_audio_transform_SoundTouch_receiveSamplesJni+0xe53b
C  [gdx-audio.dll+0x114a6]  Java_com_badlogic_gdx_audio_transform_SoundTouch_receiveSamplesJni+0xf2e6
C  [gdx-audio.dll+0x115bf]  Java_com_badlogic_gdx_audio_transform_SoundTouch_receiveSamplesJni+0xf3ff
C  [gdx-audio.dll+0x1b88]  Java_com_badlogic_gdx_audio_io_Mpg123Decoder_readSamples+0xc8
j  com.badlogic.gdx.audio.io.Mpg123Decoder.readSamples(J[SII)I+0
j  com.badlogic.gdx.audio.io.Mpg123Decoder.readSamples([SII)I+8
j  tests.Test$1.run()V+83
j  java.lang.Thread.run()V+11
v  ~StubRoutines::call_stub
V  [jvm.dll+0xfadcb]
V  [jvm.dll+0x18c3e1]
V  [jvm.dll+0xfaf71]
V  [jvm.dll+0xfafcb]
V  [jvm.dll+0xb5569]
V  [jvm.dll+0x1190a4]
V  [jvm.dll+0x14108c]
C  [msvcr71.dll+0x9565]  endthreadex+0xa0
C  [kernel32.dll+0x4ed6c]  BaseThreadInitThunk+0x12
C  [ntdll.dll+0x6377b]  RtlInitializeExceptionChain+0xef
C  [ntdll.dll+0x6374e]  RtlInitializeExceptionChain+0xc2

Java frames: (J=compiled Java code, j=interpreted, Vv=VM code)
j  com.badlogic.gdx.audio.io.Mpg123Decoder.readSamples(J[SII)I+0
j  com.badlogic.gdx.audio.io.Mpg123Decoder.readSamples([SII)I+8
j  tests.Test$1.run()V+83
j  java.lang.Thread.run()V+11
v  ~StubRoutines::call_stub

---------------  P R O C E S S  ---------------

Java Threads: ( => current thread )
  0x03eed400 JavaThread "AWT-Shutdown" [_thread_blocked, id=3720, stack(0x049a0000,0x049f0000)]
  0x07922400 JavaThread "Thread-4" daemon [_thread_blocked, id=4348, stack(0x08010000,0x08060000)]
=>0x07af2800 JavaThread "Thread-3" daemon [_thread_in_native, id=2180, stack(0x07fc0000,0x08010000)]
  0x03ecf000 JavaThread "Java2D Disposer" daemon [_thread_blocked, id=5372, stack(0x05930000,0x05980000)]
  0x01b39400 JavaThread "DestroyJavaVM" [_thread_blocked, id=4736, stack(0x00330000,0x00380000)]
  0x03eca800 JavaThread "LWJGL Application" [_thread_blocked, id=5860, stack(0x043a0000,0x043f0000)]
  0x01a75400 JavaThread "Low Memory Detector" daemon [_thread_blocked, id=3252, stack(0x03d80000,0x03dd0000)]
  0x01a6b400 JavaThread "C1 CompilerThread0" daemon [_thread_blocked, id=4888, stack(0x03d30000,0x03d80000)]
  0x01a67c00 JavaThread "Attach Listener" daemon [_thread_blocked, id=6068, stack(0x03ce0000,0x03d30000)]
  0x01a66c00 JavaThread "Signal Dispatcher" daemon [_thread_blocked, id=4292, stack(0x03c90000,0x03ce0000)]
  0x01a5b000 JavaThread "Finalizer" daemon [_thread_blocked, id=4484, stack(0x03c40000,0x03c90000)]
  0x01a59800 JavaThread "Reference Handler" daemon [_thread_blocked, id=4756, stack(0x03bf0000,0x03c40000)]

Other Threads:
  0x01a1d800 VMThread [stack: 0x01ae0000,0x01b30000] [id=5784]
  0x01a7e400 WatcherThread [stack: 0x03dd0000,0x03e20000] [id=6112]

VM state:not at safepoint (normal execution)

VM Mutex/Monitor currently owned by a thread: None

Heap
 def new generation   total 4928K, used 4011K [0x23a80000, 0x23fd0000, 0x28fd0000)
  eden space 4416K,  79% used [0x23a80000, 0x23dead38, 0x23ed0000)
  from space 512K, 100% used [0x23ed0000, 0x23f50000, 0x23f50000)
  to   space 512K,   0% used [0x23f50000, 0x23f50000, 0x23fd0000)
 tenured generation   total 10944K, used 278K [0x28fd0000, 0x29a80000, 0x33a80000)
   the space 10944K,   2% used [0x28fd0000, 0x29015a20, 0x29015c00, 0x29a80000)
 compacting perm gen  total 12288K, used 2323K [0x33a80000, 0x34680000, 0x37a80000)
   the space 12288K,  18% used [0x33a80000, 0x33cc4ce8, 0x33cc4e00, 0x34680000)
    ro space 10240K,  51% used [0x37a80000, 0x37fae720, 0x37fae800, 0x38480000)
    rw space 12288K,  55% used [0x38480000, 0x38b1a880, 0x38b1aa00, 0x39080000)

Code Cache  [0x01b40000, 0x01c50000, 0x03b40000)
 total_blobs=599 nmethods=344 adapters=191 free_code_cache=32458880 largest_free_block=0

Dynamic libraries:
0x00400000 - 0x00425000 	C:\Program Files\Java\jre6\bin\javaw.exe
0x776b0000 - 0x777ec000 	C:\Windows\SYSTEM32\ntdll.dll
0x76700000 - 0x767d4000 	C:\Windows\system32\kernel32.dll
0x758f0000 - 0x7593a000 	C:\Windows\system32\KERNELBASE.dll
0x75ca0000 - 0x75d40000 	C:\Windows\system32\ADVAPI32.dll
0x76250000 - 0x762fc000 	C:\Windows\system32\msvcrt.dll
0x777f0000 - 0x77809000 	C:\Windows\SYSTEM32\sechost.dll
0x76300000 - 0x763a1000 	C:\Windows\system32\RPCRT4.dll
0x75f00000 - 0x75fc9000 	C:\Windows\system32\USER32.dll
0x75ff0000 - 0x7603e000 	C:\Windows\system32\GDI32.dll
0x75da0000 - 0x75daa000 	C:\Windows\system32\LPK.dll
0x765d0000 - 0x7666d000 	C:\Windows\system32\USP10.dll
0x75dc0000 - 0x75ddf000 	C:\Windows\system32\IMM32.DLL
0x77430000 - 0x774fc000 	C:\Windows\system32\MSCTF.dll
0x7c340000 - 0x7c396000 	C:\Program Files\Java\jre6\bin\msvcr71.dll
0x6d7f0000 - 0x6da9f000 	C:\Program Files\Java\jre6\bin\client\jvm.dll
0x740f0000 - 0x74122000 	C:\Windows\system32\WINMM.dll
0x75770000 - 0x757bc000 	C:\Windows\system32\apphelp.dll
0x6d7a0000 - 0x6d7ac000 	C:\Program Files\Java\jre6\bin\verify.dll
0x6d320000 - 0x6d33f000 	C:\Program Files\Java\jre6\bin\java.dll
0x6d7e0000 - 0x6d7ef000 	C:\Program Files\Java\jre6\bin\zip.dll
0x613c0000 - 0x61423000 	C:\Users\Acer\AppData\Local\Temp\libgdxAcer\817910608\gdx.dll
0x10000000 - 0x1004b000 	C:\Users\Acer\AppData\Local\Temp\libgdxAcer\817910608\lwjgl.dll
0x5c3b0000 - 0x5c478000 	C:\Windows\system32\OPENGL32.dll
0x73120000 - 0x73142000 	C:\Windows\system32\GLU32.dll
0x5edb0000 - 0x5ee97000 	C:\Windows\system32\DDRAW.dll
0x73700000 - 0x73706000 	C:\Windows\system32\DCIMAN32.dll
0x763b0000 - 0x7654d000 	C:\Windows\system32\SETUPAPI.dll
0x75940000 - 0x75967000 	C:\Windows\system32\CFGMGR32.dll
0x77850000 - 0x778df000 	C:\Windows\system32\OLEAUT32.dll
0x75b40000 - 0x75c9c000 	C:\Windows\system32\ole32.dll
0x75a90000 - 0x75aa2000 	C:\Windows\system32\DEVOBJ.dll
0x73c90000 - 0x73ca3000 	C:\Windows\system32\dwmapi.dll
0x74c20000 - 0x74c29000 	C:\Windows\system32\VERSION.dll
0x73e90000 - 0x7402e000 	C:\Windows\WinSxS\x86_microsoft.windows.common-controls_6595b64144ccf1df_6.0.7601.17514_none_41e6975e2bd6f2b2\COMCTL32.dll
0x75d40000 - 0x75d97000 	C:\Windows\system32\SHLWAPI.dll
0x04040000 - 0x040a7000 	C:\Users\Acer\AppData\Local\Temp\libgdxAcer\817910608\OpenAL32.dll
0x767e0000 - 0x7742a000 	C:\Windows\system32\SHELL32.dll
0x757c0000 - 0x757cc000 	C:\Windows\system32\CRYPTBASE.dll
0x74410000 - 0x74450000 	C:\Windows\system32\uxtheme.dll
0x76670000 - 0x766f3000 	C:\Windows\system32\CLBCatQ.DLL
0x744a0000 - 0x74595000 	C:\Windows\System32\PROPSYS.dll
0x758c0000 - 0x758ed000 	C:\Windows\system32\WINTRUST.dll
0x75970000 - 0x75a8e000 	C:\Windows\system32\CRYPT32.dll
0x758b0000 - 0x758bc000 	C:\Windows\system32\MSASN1.dll
0x5aba0000 - 0x5ac12000 	C:\Windows\system32\dsound.dll
0x74770000 - 0x74795000 	C:\Windows\system32\POWRPROF.dll
0x74710000 - 0x74749000 	C:\Windows\System32\MMDevApi.dll
0x73190000 - 0x731c6000 	C:\Windows\system32\AUDIOSES.DLL
0x04a50000 - 0x0580c000 	C:\Windows\system32\ig4icd32.dll
0x64d90000 - 0x64e09000 	C:\Windows\system32\mscms.dll
0x74ea0000 - 0x74eb7000 	C:\Windows\system32\USERENV.dll
0x75840000 - 0x7584b000 	C:\Windows\system32\profapi.dll
0x6ce30000 - 0x6ce68000 	C:\Windows\system32\icm32.dll
0x6d000000 - 0x6d14c000 	C:\Program Files\Java\jre6\bin\awt.dll
0x711f0000 - 0x71241000 	C:\Windows\system32\WINSPOOL.DRV
0x6d230000 - 0x6d27f000 	C:\Program Files\Java\jre6\bin\fontmanager.dll
0x68a80000 - 0x68afa000 	C:\Users\Acer\AppData\Local\Temp\jnigen\2051021078\gdx-audio.dll
0x75fe0000 - 0x75fe5000 	C:\Windows\system32\PSAPI.DLL

VM Arguments:
jvm_args: -Dfile.encoding=Cp1252 
java_command: com.klabcyscorpions.beatsmaster.BeatMasterDesktop
Launcher Type: SUN_STANDARD

Environment Variables:
PATH=C:/Program Files/Java/jre7/bin/client;C:/Program Files/Java/jre7/bin;C:/Program Files/Java/jre7/lib/i386;C:\Windows\system32;C:\Windows;C:\Windows\System32\Wbem;C:\Windows\System32\WindowsPowerShell\v1.0;C:\Program Files\TortoiseSVN\bin;C:\Program Files\eclipse\android-sdk-windows\platform-tools;C:\Program Files\TortoiseGit\bin;C:\Program Files\Java\jdk1.6.0_24\bin\;;C:\Program Files\eclipse;
USERNAME=Acer
OS=Windows_NT
PROCESSOR_IDENTIFIER=x86 Family 6 Model 42 Stepping 7, GenuineIntel



---------------  S Y S T E M  ---------------

OS: Windows 7 Build 7601 Service Pack 1

CPU:total 4 (2 cores per cpu, 2 threads per core) family 6 model 42 stepping 7, cmov, cx8, fxsr, mmx, sse, sse2, sse3, ssse3, sse4.1, sse4.2, popcnt, ht

Memory: 4k page, physical 2009060k(343744k free), swap 4038812k(1396920k free)

vm_info: Java HotSpot(TM) Client VM (20.8-b03) for windows-x86 JRE (1.6.0_33-b03), built on May  9 2012 09:39:57 by "java_re" with MS VC++ 7.1 (VS2003)

time: Fri Sep 14 15:05:54 2012
elapsed time: 7 seconds

